\BOOKMARK [1][]{toc.1}{Inhaltsverzeichnis}{}% 1
\BOOKMARK [0][]{chapter.1}{1 Einleitung}{}% 2
\BOOKMARK [1][]{section.1.1}{1.1 Motivation}{chapter.1}% 3
\BOOKMARK [1][]{section.1.2}{1.2 Aufgabenstellung und Ziele}{chapter.1}% 4
\BOOKMARK [1][]{section.1.3}{1.3 Stand der Technik}{chapter.1}% 5
\BOOKMARK [2][-]{subsection.1.3.1}{1.3.1 direkter Ansatz}{section.1.3}% 6
\BOOKMARK [2][-]{subsection.1.3.2}{1.3.2 indirekter Ansatz}{section.1.3}% 7
\BOOKMARK [0][]{chapter.2}{2 Grundlagen}{}% 8
\BOOKMARK [1][]{section.2.1}{2.1 Harris Corner Detector}{chapter.2}% 9
\BOOKMARK [1][]{section.2.2}{2.2 Corner Tracker}{chapter.2}% 10
\BOOKMARK [1][]{section.2.3}{2.3 Verschiebungsvektoren}{chapter.2}% 11
\BOOKMARK [1][]{section.2.4}{2.4 Erfassung von Trajektorien}{chapter.2}% 12
\BOOKMARK [0][]{chapter.3}{3 Systemarchitektur}{}% 13
\BOOKMARK [1][]{section.3.1}{3.1 Beschreibung des Messsystems}{chapter.3}% 14
\BOOKMARK [1][]{section.3.2}{3.2 Signalverarbeitung}{chapter.3}% 15
\BOOKMARK [2][-]{subsection.3.2.1}{3.2.1 Trajektorien}{section.3.2}% 16
\BOOKMARK [2][-]{subsection.3.2.2}{3.2.2 Personenzahl}{section.3.2}% 17
\BOOKMARK [2][-]{subsection.3.2.3}{3.2.3 Personenfluss}{section.3.2}% 18
\BOOKMARK [2][-]{subsection.3.2.4}{3.2.4 Dynamik}{section.3.2}% 19
\BOOKMARK [2][-]{subsection.3.2.5}{3.2.5 Dichtefaktor}{section.3.2}% 20
\BOOKMARK [2][-]{subsection.3.2.6}{3.2.6 Darstellung der Messgr\366\337en - Aufbereitung}{section.3.2}% 21
\BOOKMARK [1][]{section.3.3}{3.3 Konfigurierung}{chapter.3}% 22
\BOOKMARK [2][-]{subsection.3.3.1}{3.3.1 Patch-Map Dimension}{section.3.3}% 23
\BOOKMARK [2][-]{subsection.3.3.2}{3.3.2 Geschwindigkeitsschwelle}{section.3.3}% 24
\BOOKMARK [2][-]{subsection.3.3.3}{3.3.3 Maximale Verweilzeit}{section.3.3}% 25
\BOOKMARK [2][-]{subsection.3.3.4}{3.3.4 Mittelungsdistanz}{section.3.3}% 26
\BOOKMARK [2][-]{subsection.3.3.5}{3.3.5 Suchradius}{section.3.3}% 27
\BOOKMARK [2][-]{subsection.3.3.6}{3.3.6 Abstands-Radius}{section.3.3}% 28
\BOOKMARK [2][-]{subsection.3.3.7}{3.3.7 Ortsbezogener Ausgleich}{section.3.3}% 29
\BOOKMARK [2][-]{subsection.3.3.8}{3.3.8 Distanzsch\344tzung}{section.3.3}% 30
\BOOKMARK [2][-]{subsection.3.3.9}{3.3.9 Filtereinstellungen}{section.3.3}% 31
\BOOKMARK [0][]{chapter.4}{4 Evaluation}{}% 32
\BOOKMARK [1][]{section.4.1}{4.1 Testdaten}{chapter.4}% 33
\BOOKMARK [2][-]{subsection.4.1.1}{4.1.1 3D-Animation: AGORASET/Dispersion CourtyPRL2014 Allain2012ICPR}{section.4.1}% 34
\BOOKMARK [2][-]{subsection.4.1.2}{4.1.2 Videosequenz: UCF\137CrowdsDataset/Business-Get\374mmel AliS07}{section.4.1}% 35
\BOOKMARK [2][-]{subsection.4.1.3}{4.1.3 Videosequenz: UCF\137CrowdsDataset/Marathon AliS07}{section.4.1}% 36
\BOOKMARK [2][-]{subsection.4.1.4}{4.1.4 Videosequenz: Hamburger Hafenfest 2014}{section.4.1}% 37
\BOOKMARK [1][]{section.4.2}{4.2 Testergebnisse}{chapter.4}% 38
\BOOKMARK [2][-]{subsection.4.2.1}{4.2.1 3D-Animation: AGORASET/Dispersion CourtyPRL2014 Allain2012ICPR}{section.4.2}% 39
\BOOKMARK [2][-]{subsection.4.2.2}{4.2.2 Videosequenz: UCF\137CrowdsDataset/Business-Get\374mmel AliS07}{section.4.2}% 40
\BOOKMARK [2][-]{subsection.4.2.3}{4.2.3 Videosequenz: UCF\137CrowdsDataset/Marathon AliS07}{section.4.2}% 41
\BOOKMARK [2][-]{subsection.4.2.4}{4.2.4 Videosequenz: Hamburger Hafenfest 2014}{section.4.2}% 42
\BOOKMARK [0][]{chapter.5}{5 Fazit}{}% 43
\BOOKMARK [0][]{section*.39}{Abbildungsverzeichnis}{}% 44
